Arguments: 
  /home/unclefonso/.nvm/versions/node/v16.13.0/bin/node /home/unclefonso/.yarn/bin/yarn.js install

PATH: 
  /home/unclefonso/.yarn/bin:/home/unclefonso/.config/yarn/global/node_modules/.bin:/home/unclefonso/idea-IU-213.6461.79/bin:/home/unclefonso/.emacs.d/bin:/home/unclefonso/.rbenv/shims:/home/unclefonso/.rbenv/bin:/home/unclefonso/.local/bin:/home/unclefonso/.yarn/bin:/home/unclefonso/.config/yarn/global/node_modules/.bin:/home/unclefonso/.nvm/versions/node/v16.13.0/bin:/home/unclefonso/idea-IU-213.6461.79/bin:/home/unclefonso/.emacs.d/bin:/home/unclefonso/.rbenv/shims:/home/unclefonso/.rbenv/bin:/home/unclefonso/.local/bin:/usr/local/sbin:/usr/local/bin:/usr/sbin:/usr/bin:/sbin:/bin:/usr/games:/usr/local/games:/snap/bin:/home/unclefonso/projects/react/fonso-pomodoro/node_modules/.bin

Yarn version: 
  1.22.18

Node version: 
  16.13.0

Platform: 
  linux x64

Trace: 
  SyntaxError: /home/unclefonso/projects/react/fonso-pomodoro/package.json: Unexpected token } in JSON at position 478
      at JSON.parse (<anonymous>)
      at /home/unclefonso/.yarn/lib/cli.js:1625:59
      at Generator.next (<anonymous>)
      at step (/home/unclefonso/.yarn/lib/cli.js:310:30)
      at /home/unclefonso/.yarn/lib/cli.js:321:13

npm manifest: 
  {
    "name": "pomodoro-timer",
    "version": "0.2.0",
    "private": true,
    "dependencies": {
      "@testing-library/jest-dom": "5.11.1",
      "@testing-library/react": "10.4.7",
      "@testing-library/user-event": "12.0.11",
      "react": "^16.13.1",
      "react-dom": "^16.13.1",
      "react-scripts": "^3.4.4"
    },
    "scripts": {
      "build": "react-scripts build",
      "eject": "react-scripts eject",
      "start": "PORT=3008 react-scripts start",
      "test": "react-scripts test",
    },
    "eslintConfig": {
      "extends": "react-app"
    },
    "browserslist": {
      "production": [
        ">0.2%",
        "not dead",
        "not op_mini all"
      ],
      "development": [
        "last 1 chrome version",
        "last 1 firefox version",
        "last 1 safari version"
      ]
    }
  }

yarn manifest: 
  No manifest

Lockfile: 
  No lockfile
