[21:07:49.776] Global cache location '/home/unclefonso/.cache/typescript/4.7', safe file path '/home/unclefonso/.emacs.d/.local/cache/.cache/lsp/npm/typescript/lib/node_modules/typescript/lib/typingSafeList.json', types map path /home/unclefonso/.emacs.d/.local/cache/.cache/lsp/npm/typescript/lib/node_modules/typescript/lib/typesMap.json
[21:07:49.776] Processing cache location '/home/unclefonso/.cache/typescript/4.7'
[21:07:49.776] Trying to find '/home/unclefonso/.cache/typescript/4.7/package.json'...
[21:07:49.778] Loaded content of '/home/unclefonso/.cache/typescript/4.7/package.json': {"private":true,"dependencies":{"types-registry":"^0.1.604"},"devDependencies":{"@types/cors":"^2.8.12","@types/express":"^4.17.13","@types/jest":"^28.1.6","@types/lodash":"^4.14.182","@types/morgan":"^1.9.3","@types/nodemon":"^1.19.2","@types/pg":"^8.6.5","@types/pino-http":"^5.8.1","@types/pino-pretty":"^4.7.5","@types/react":"^18.0.15","@types/react-dom":"^18.0.5","@types/react-router":"^5.1.18","@types/react-router-dom":"^5.3.3","@types/sqlite3":"^3.1.8","@types/supertest":"^2.0.12"}}
[21:07:49.778] Loaded content of '/home/unclefonso/.cache/typescript/4.7/package-lock.json'
[21:07:49.786] Adding entry into typings cache: 'cors' => '/home/unclefonso/.cache/typescript/4.7/node_modules/@types/cors/index.d.ts'
[21:07:49.788] Adding entry into typings cache: 'express' => '/home/unclefonso/.cache/typescript/4.7/node_modules/@types/express/index.d.ts'
[21:07:49.791] Adding entry into typings cache: 'jest' => '/home/unclefonso/.cache/typescript/4.7/node_modules/@types/jest/index.d.ts'
[21:07:49.792] Adding entry into typings cache: 'lodash' => '/home/unclefonso/.cache/typescript/4.7/node_modules/@types/lodash/index.d.ts'
[21:07:49.793] Adding entry into typings cache: 'morgan' => '/home/unclefonso/.cache/typescript/4.7/node_modules/@types/morgan/index.d.ts'
[21:07:49.794] Adding entry into typings cache: 'nodemon' => '/home/unclefonso/.cache/typescript/4.7/node_modules/@types/nodemon/index.d.ts'
[21:07:49.795] Adding entry into typings cache: 'pg' => '/home/unclefonso/.cache/typescript/4.7/node_modules/@types/pg/index.d.ts'
[21:07:49.796] Adding entry into typings cache: 'pino-http' => '/home/unclefonso/.cache/typescript/4.7/node_modules/@types/pino-http/index.d.ts'
[21:07:49.797] Adding entry into typings cache: 'pino-pretty' => '/home/unclefonso/.cache/typescript/4.7/node_modules/@types/pino-pretty/index.d.ts'
[21:07:49.800] Adding entry into typings cache: 'react' => '/home/unclefonso/.cache/typescript/4.7/node_modules/@types/react/index.d.ts'
[21:07:49.801] Adding entry into typings cache: 'react-dom' => '/home/unclefonso/.cache/typescript/4.7/node_modules/@types/react-dom/index.d.ts'
[21:07:49.802] Adding entry into typings cache: 'react-router' => '/home/unclefonso/.cache/typescript/4.7/node_modules/@types/react-router/index.d.ts'
[21:07:49.803] Adding entry into typings cache: 'react-router-dom' => '/home/unclefonso/.cache/typescript/4.7/node_modules/@types/react-router-dom/index.d.ts'
[21:07:49.804] Adding entry into typings cache: 'sqlite3' => '/home/unclefonso/.cache/typescript/4.7/node_modules/@types/sqlite3/index.d.ts'
[21:07:49.804] Adding entry into typings cache: 'supertest' => '/home/unclefonso/.cache/typescript/4.7/node_modules/@types/supertest/index.d.ts'
[21:07:49.804] Finished processing cache location '/home/unclefonso/.cache/typescript/4.7'
[21:07:49.804] Process id: 286699
[21:07:49.804] NPM location: /home/unclefonso/.nvm/versions/node/v16.13.0/bin/npm (explicit '--npmLocation' not  provided)
[21:07:49.804] validateDefaultNpmLocation: false
[21:07:49.804] Npm config file: /home/unclefonso/.cache/typescript/4.7/package.json
[21:07:49.804] Updating types-registry npm package...
[21:07:49.805] Exec: /home/unclefonso/.nvm/versions/node/v16.13.0/bin/npm install --ignore-scripts types-registry@latest
[21:07:50.379]     Succeeded. stdout:
    
    up to date, audited 59 packages in 470ms

3 packages are looking for funding
  run `npm fund` for details

found 0 vulnerabilities

[21:07:50.379] Updated types-registry npm package
[21:07:51.232] Got install request {"projectName":"/dev/null/inferredProject1*","fileNames":["/home/unclefonso/.emacs.d/.local/cache/.cache/lsp/npm/typescript/lib/node_modules/typescript/lib/lib.es5.d.ts","/home/unclefonso/.emacs.d/.local/cache/.cache/lsp/npm/typescript/lib/node_modules/typescript/lib/lib.es2015.d.ts","/home/unclefonso/.emacs.d/.local/cache/.cache/lsp/npm/typescript/lib/node_modules/typescript/lib/lib.es2016.d.ts","/home/unclefonso/.emacs.d/.local/cache/.cache/lsp/npm/typescript/lib/node_modules/typescript/lib/lib.dom.d.ts","/home/unclefonso/.emacs.d/.local/cache/.cache/lsp/npm/typescript/lib/node_modules/typescript/lib/lib.dom.iterable.d.ts","/home/unclefonso/.emacs.d/.local/cache/.cache/lsp/npm/typescript/lib/node_modules/typescript/lib/lib.webworker.importscripts.d.ts","/home/unclefonso/.emacs.d/.local/cache/.cache/lsp/npm/typescript/lib/node_modules/typescript/lib/lib.scripthost.d.ts","/home/unclefonso/.emacs.d/.local/cache/.cache/lsp/npm/typescript/lib/node_modules/typescript/lib/lib.es2015.core.d.ts","/home/unclefonso/.emacs.d/.local/cache/.cache/lsp/npm/typescript/lib/node_modules/typescript/lib/lib.es2015.collection.d.ts","/home/unclefonso/.emacs.d/.local/cache/.cache/lsp/npm/typescript/lib/node_modules/typescript/lib/lib.es2015.generator.d.ts","/home/unclefonso/.emacs.d/.local/cache/.cache/lsp/npm/typescript/lib/node_modules/typescript/lib/lib.es2015.iterable.d.ts","/home/unclefonso/.emacs.d/.local/cache/.cache/lsp/npm/typescript/lib/node_modules/typescript/lib/lib.es2015.promise.d.ts","/home/unclefonso/.emacs.d/.local/cache/.cache/lsp/npm/typescript/lib/node_modules/typescript/lib/lib.es2015.proxy.d.ts","/home/unclefonso/.emacs.d/.local/cache/.cache/lsp/npm/typescript/lib/node_modules/typescript/lib/lib.es2015.reflect.d.ts","/home/unclefonso/.emacs.d/.local/cache/.cache/lsp/npm/typescript/lib/node_modules/typescript/lib/lib.es2015.symbol.d.ts","/home/unclefonso/.emacs.d/.local/cache/.cache/lsp/npm/typescript/lib/node_modules/typescript/lib/lib.es2015.symbol.wellknown.d.ts","/home/unclefonso/.emacs.d/.local/cache/.cache/lsp/npm/typescript/lib/node_modules/typescript/lib/lib.es2016.array.include.d.ts","/home/unclefonso/.emacs.d/.local/cache/.cache/lsp/npm/typescript/lib/node_modules/typescript/lib/lib.es2016.full.d.ts","/home/unclefonso/Projects/youtube_twitch/react-apps/fonso-pomodoro/src/utils/useInterval/index.js","/home/unclefonso/Projects/youtube_twitch/react-apps/fonso-pomodoro/src/utils/duration/index.js","/home/unclefonso/Projects/youtube_twitch/react-apps/fonso-pomodoro/src/pomodoro/FocusTimer.js","/home/unclefonso/Projects/youtube_twitch/react-apps/fonso-pomodoro/src/pomodoro/BreakTimer.js","/home/unclefonso/Projects/youtube_twitch/react-apps/fonso-pomodoro/src/utils/class-names/index.js","/home/unclefonso/Projects/youtube_twitch/react-apps/fonso-pomodoro/src/pomodoro/PlayStop.js","/home/unclefonso/Projects/youtube_twitch/react-apps/fonso-pomodoro/src/pomodoro/SessionTimer.js","/home/unclefonso/Projects/youtube_twitch/react-apps/fonso-pomodoro/src/pomodoro/Pomodoro.js"],"compilerOptions":{"module":1,"target":3,"jsx":1,"allowJs":true,"allowSyntheticDefaultImports":true,"allowNonTsExtensions":true,"noEmitForJsFiles":true,"maxNodeModuleJsDepth":2},"typeAcquisition":{"enable":true,"include":[],"exclude":[]},"unresolvedImports":[],"projectRootPath":"/home/unclefonso/Projects/youtube_twitch/react-apps/fonso-pomodoro/src/pomodoro","kind":"discover"}
[21:07:51.240] Loaded safelist from types map file '/home/unclefonso/.emacs.d/.local/cache/.cache/lsp/npm/typescript/lib/node_modules/typescript/lib/typesMap.json'
[21:07:51.240] Explicitly included types: []
[21:07:51.241] Inferred typings from unresolved imports: []
[21:07:51.241] Result: {"cachedTypingPaths":[],"newTypingNames":[],"filesToWatch":["/home/unclefonso/Projects/youtube_twitch/react-apps/fonso-pomodoro/src/utils/useInterval/bower_components","/home/unclefonso/Projects/youtube_twitch/react-apps/fonso-pomodoro/src/utils/useInterval/node_modules","/home/unclefonso/Projects/youtube_twitch/react-apps/fonso-pomodoro/src/utils/duration/bower_components","/home/unclefonso/Projects/youtube_twitch/react-apps/fonso-pomodoro/src/utils/duration/node_modules","/home/unclefonso/Projects/youtube_twitch/react-apps/fonso-pomodoro/src/pomodoro/bower_components","/home/unclefonso/Projects/youtube_twitch/react-apps/fonso-pomodoro/src/pomodoro/node_modules","/home/unclefonso/Projects/youtube_twitch/react-apps/fonso-pomodoro/src/utils/class-names/bower_components","/home/unclefonso/Projects/youtube_twitch/react-apps/fonso-pomodoro/src/utils/class-names/node_modules"]}
[21:07:51.241] Finished typings discovery: {"cachedTypingPaths":[],"newTypingNames":[],"filesToWatch":["/home/unclefonso/Projects/youtube_twitch/react-apps/fonso-pomodoro/src/utils/useInterval/bower_components","/home/unclefonso/Projects/youtube_twitch/react-apps/fonso-pomodoro/src/utils/useInterval/node_modules","/home/unclefonso/Projects/youtube_twitch/react-apps/fonso-pomodoro/src/utils/duration/bower_components","/home/unclefonso/Projects/youtube_twitch/react-apps/fonso-pomodoro/src/utils/duration/node_modules","/home/unclefonso/Projects/youtube_twitch/react-apps/fonso-pomodoro/src/pomodoro/bower_components","/home/unclefonso/Projects/youtube_twitch/react-apps/fonso-pomodoro/src/pomodoro/node_modules","/home/unclefonso/Projects/youtube_twitch/react-apps/fonso-pomodoro/src/utils/class-names/bower_components","/home/unclefonso/Projects/youtube_twitch/react-apps/fonso-pomodoro/src/utils/class-names/node_modules"]}
[21:07:51.241] DirectoryWatcher:: Added:: WatchInfo: /home/unclefonso/Projects/youtube_twitch/react-apps/fonso-pomodoro/src/utils/useInterval/bower_components
[21:07:51.241] DirectoryWatcher:: Added:: WatchInfo: /home/unclefonso/Projects/youtube_twitch/react-apps/fonso-pomodoro/src/utils/useInterval/bower_components 1 undefined Project: /dev/null/inferredProject1* watcher already invoked: false
[21:07:51.242] Elapsed:: 0.9016219973564148ms DirectoryWatcher:: Added:: WatchInfo: /home/unclefonso/Projects/youtube_twitch/react-apps/fonso-pomodoro/src/utils/useInterval/bower_components 1 undefined Project: /dev/null/inferredProject1* watcher already invoked: false
[21:07:51.242] DirectoryWatcher:: Added:: WatchInfo: /home/unclefonso/Projects/youtube_twitch/react-apps/fonso-pomodoro/src/utils/useInterval/node_modules
[21:07:51.242] DirectoryWatcher:: Added:: WatchInfo: /home/unclefonso/Projects/youtube_twitch/react-apps/fonso-pomodoro/src/utils/useInterval/node_modules 1 undefined Project: /dev/null/inferredProject1* watcher already invoked: false
[21:07:51.242] Elapsed:: 0.06181001663208008ms DirectoryWatcher:: Added:: WatchInfo: /home/unclefonso/Projects/youtube_twitch/react-apps/fonso-pomodoro/src/utils/useInterval/node_modules 1 undefined Project: /dev/null/inferredProject1* watcher already invoked: false
[21:07:51.242] DirectoryWatcher:: Added:: WatchInfo: /home/unclefonso/Projects/youtube_twitch/react-apps/fonso-pomodoro/src/utils/duration/bower_components
[21:07:51.242] DirectoryWatcher:: Added:: WatchInfo: /home/unclefonso/Projects/youtube_twitch/react-apps/fonso-pomodoro/src/utils/duration/bower_components 1 undefined Project: /dev/null/inferredProject1* watcher already invoked: false
[21:07:51.243] Elapsed:: 0.05362701416015625ms DirectoryWatcher:: Added:: WatchInfo: /home/unclefonso/Projects/youtube_twitch/react-apps/fonso-pomodoro/src/utils/duration/bower_components 1 undefined Project: /dev/null/inferredProject1* watcher already invoked: false
[21:07:51.243] DirectoryWatcher:: Added:: WatchInfo: /home/unclefonso/Projects/youtube_twitch/react-apps/fonso-pomodoro/src/utils/duration/node_modules
[21:07:51.243] DirectoryWatcher:: Added:: WatchInfo: /home/unclefonso/Projects/youtube_twitch/react-apps/fonso-pomodoro/src/utils/duration/node_modules 1 undefined Project: /dev/null/inferredProject1* watcher already invoked: false
[21:07:51.243] Elapsed:: 0.0389629602432251ms DirectoryWatcher:: Added:: WatchInfo: /home/unclefonso/Projects/youtube_twitch/react-apps/fonso-pomodoro/src/utils/duration/node_modules 1 undefined Project: /dev/null/inferredProject1* watcher already invoked: false
[21:07:51.243] DirectoryWatcher:: Added:: WatchInfo: /home/unclefonso/Projects/youtube_twitch/react-apps/fonso-pomodoro/src/pomodoro/bower_components
[21:07:51.243] DirectoryWatcher:: Added:: WatchInfo: /home/unclefonso/Projects/youtube_twitch/react-apps/fonso-pomodoro/src/pomodoro/bower_components 1 undefined Project: /dev/null/inferredProject1* watcher already invoked: false
[21:07:51.243] Elapsed:: 0.04417699575424194ms DirectoryWatcher:: Added:: WatchInfo: /home/unclefonso/Projects/youtube_twitch/react-apps/fonso-pomodoro/src/pomodoro/bower_components 1 undefined Project: /dev/null/inferredProject1* watcher already invoked: false
[21:07:51.243] DirectoryWatcher:: Added:: WatchInfo: /home/unclefonso/Projects/youtube_twitch/react-apps/fonso-pomodoro/src/pomodoro/node_modules
[21:07:51.243] DirectoryWatcher:: Added:: WatchInfo: /home/unclefonso/Projects/youtube_twitch/react-apps/fonso-pomodoro/src/pomodoro/node_modules 1 undefined Project: /dev/null/inferredProject1* watcher already invoked: false
[21:07:51.243] Elapsed:: 0.041999995708465576ms DirectoryWatcher:: Added:: WatchInfo: /home/unclefonso/Projects/youtube_twitch/react-apps/fonso-pomodoro/src/pomodoro/node_modules 1 undefined Project: /dev/null/inferredProject1* watcher already invoked: false
[21:07:51.243] DirectoryWatcher:: Added:: WatchInfo: /home/unclefonso/Projects/youtube_twitch/react-apps/fonso-pomodoro/src/utils/class-names/bower_components
[21:07:51.243] DirectoryWatcher:: Added:: WatchInfo: /home/unclefonso/Projects/youtube_twitch/react-apps/fonso-pomodoro/src/utils/class-names/bower_components 1 undefined Project: /dev/null/inferredProject1* watcher already invoked: false
[21:07:51.243] Elapsed:: 0.038236021995544434ms DirectoryWatcher:: Added:: WatchInfo: /home/unclefonso/Projects/youtube_twitch/react-apps/fonso-pomodoro/src/utils/class-names/bower_components 1 undefined Project: /dev/null/inferredProject1* watcher already invoked: false
[21:07:51.243] DirectoryWatcher:: Added:: WatchInfo: /home/unclefonso/Projects/youtube_twitch/react-apps/fonso-pomodoro/src/utils/class-names/node_modules
[21:07:51.243] DirectoryWatcher:: Added:: WatchInfo: /home/unclefonso/Projects/youtube_twitch/react-apps/fonso-pomodoro/src/utils/class-names/node_modules 1 undefined Project: /dev/null/inferredProject1* watcher already invoked: false
[21:07:51.243] Elapsed:: 0.03766697645187378ms DirectoryWatcher:: Added:: WatchInfo: /home/unclefonso/Projects/youtube_twitch/react-apps/fonso-pomodoro/src/utils/class-names/node_modules 1 undefined Project: /dev/null/inferredProject1* watcher already invoked: false
[21:07:51.243] Sending response:
    {"projectName":"/dev/null/inferredProject1*","typeAcquisition":{"enable":true,"include":[],"exclude":[]},"compilerOptions":{"module":1,"target":3,"jsx":1,"allowJs":true,"allowSyntheticDefaultImports":true,"allowNonTsExtensions":true,"noEmitForJsFiles":true,"maxNodeModuleJsDepth":2},"typings":[],"unresolvedImports":[],"kind":"action::set"}
[21:07:51.243] Response has been sent.
[21:07:51.243] No new typings were requested as a result of typings discovery
